\BOOKMARK [0][-]{chapter.1}{Summary}{}% 1
\BOOKMARK [0][-]{chapter.2}{Problem definition and background}{}% 2
\BOOKMARK [1][-]{section.2.1}{Problem specification}{chapter.2}% 3
\BOOKMARK [1][-]{section.2.2}{Literature review}{chapter.2}% 4
\BOOKMARK [1][-]{section.2.3}{Proposed solution}{chapter.2}% 5
\BOOKMARK [0][-]{chapter.3}{Air quality monitoring device}{}% 6
\BOOKMARK [1][-]{section.3.1}{Hardware}{chapter.3}% 7
\BOOKMARK [2][-]{subsection.3.1.1}{Electronics}{section.3.1}% 8
\BOOKMARK [1][-]{section.3.2}{Software}{chapter.3}% 9
\BOOKMARK [1][-]{section.3.3}{Prototype Description}{chapter.3}% 10
\BOOKMARK [0][-]{chapter.4}{AI model}{}% 11
\BOOKMARK [1][-]{section.4.1}{Datasets}{chapter.4}% 12
\BOOKMARK [1][-]{section.4.2}{Methodology}{chapter.4}% 13
\BOOKMARK [1][-]{section.4.3}{Results}{chapter.4}% 14
\BOOKMARK [1][-]{section.4.4}{Etc}{chapter.4}% 15
\BOOKMARK [0][-]{chapter.5}{Social implications}{}% 16
\BOOKMARK [0][-]{chapter.6}{Discussion}{}% 17
\BOOKMARK [1][-]{section.6.1}{Critical reflection of proposed solution}{chapter.6}% 18
\BOOKMARK [1][-]{section.6.2}{Future work}{chapter.6}% 19
\BOOKMARK [1][-]{section.6.3}{Teamwork process}{chapter.6}% 20
\BOOKMARK [1][-]{section.6.4}{Lessons learnt \(project\)}{chapter.6}% 21
\BOOKMARK [1][-]{section.6.5}{Lessons learnt \(per discipline\)}{chapter.6}% 22
\BOOKMARK [2][-]{subsection.6.5.1}{Person 1}{section.6.5}% 23
\BOOKMARK [2][-]{subsection.6.5.2}{Person 2}{section.6.5}% 24
\BOOKMARK [2][-]{subsection.6.5.3}{Person 3}{section.6.5}% 25
\BOOKMARK [2][-]{subsection.6.5.4}{Person 4}{section.6.5}% 26
\BOOKMARK [2][-]{subsection.6.5.5}{Person 5}{section.6.5}% 27
\BOOKMARK [0][-]{chapter.7}{Conclusions}{}% 28
\BOOKMARK [0][-]{chapter.8}{Individual contributions}{}% 29
\BOOKMARK [0][-]{chapter.8}{Bibliography}{}% 30
