Change Component DesignItemId : Designator=D1 Old DesignItemId=LED1 New DesignItemId=LED2
Change Component DesignItemId : Designator=D2 Old DesignItemId=LED1 New DesignItemId=LED2
Change Component Footprint: Designator=D1 Old Footprint=LED-1 New Footprint=3.2X1.6X1.1
Change Component Footprint: Designator=D2 Old Footprint=LED-1 New Footprint=3.2X1.6X1.1
Change Component Comment : Designator=D1 Old Comment=LED1 New Comment=LED2
Change Component Comment : Designator=D2 Old Comment=LED1 New Comment=LED2
Change Component Designator: OldDesignator=Battery NewDesignator=Battery Connector
Change Component Designator: OldDesignator=USB NewDesignator=USB Port
Change Component Description : Designator=D1 Old Description=Typical RED GaAs LED New Description=Typical RED, GREEN, YELLOW, AMBER GaAs LED
Change Component Description : Designator=D2 Old Description=Typical RED GaAs LED New Description=Typical RED, GREEN, YELLOW, AMBER GaAs LED
Change component parameters: Designator = "D1" ("D1"); Footprint = "LED-1"; UniqueID = "\LRNMJQCV\KGGFTKKX" ("\LRNMJQCV\KGGFTKKX")
Change component parameters (AddParameter): Name = "LatestRevisionDate"; Value = "17-Jul-2002"; VariantName = "[No Variations]"
Change component parameters (AddParameter): Name = "LatestRevisionNote"; Value = "Re-released for DXP Platform."; VariantName = "[No Variations]"
Change component parameters (AddParameter): Name = "PackageDescription"; Value = "SM LED; 2 Flat Leads"; VariantName = "[No Variations]"
Change component parameters (AddParameter): Name = "PackageReference"; Value = "3.2X1.6X1.1"; VariantName = "[No Variations]"
Change component parameters (AddParameter): Name = "PackageVersion"; Value = "Feb-2002"; VariantName = "[No Variations]"
Change component parameters (AddParameter): Name = "Published"; Value = "8-Jun-2000"; VariantName = "[No Variations]"
Change component parameters (AddParameter): Name = "Publisher"; Value = "Altium Limited"; VariantName = "[No Variations]"
Change component parameters: Designator = "D2" ("D2"); Footprint = "LED-1"; UniqueID = "\LRNMJQCV\KYZHTCQP" ("\LRNMJQCV\KYZHTCQP")
Change component parameters (AddParameter): Name = "LatestRevisionDate"; Value = "17-Jul-2002"; VariantName = "[No Variations]"
Change component parameters (AddParameter): Name = "LatestRevisionNote"; Value = "Re-released for DXP Platform."; VariantName = "[No Variations]"
Change component parameters (AddParameter): Name = "PackageDescription"; Value = "SM LED; 2 Flat Leads"; VariantName = "[No Variations]"
Change component parameters (AddParameter): Name = "PackageReference"; Value = "3.2X1.6X1.1"; VariantName = "[No Variations]"
Change component parameters (AddParameter): Name = "PackageVersion"; Value = "Feb-2002"; VariantName = "[No Variations]"
Change component parameters (AddParameter): Name = "Published"; Value = "8-Jun-2000"; VariantName = "[No Variations]"
Change component parameters (AddParameter): Name = "Publisher"; Value = "Altium Limited"; VariantName = "[No Variations]"
